<?xml version="1.0" encoding="UTF-8"?>
<testsuite xmlns:xsi="http://www.w3.org/2001/XMLSchema-instance" xsi:noNamespaceSchemaLocation="https://maven.apache.org/surefire/maven-surefire-plugin/xsd/surefire-test-report-3.0.xsd" version="3.0" name="com.tienda_k.TiendaApplicationTests" time="9.021" tests="1" errors="0" skipped="0" failures="0">
  <properties>
[...]
</properties>
  <testcase name="contextLoads" classname="com.tienda_k.TiendaApplicationTests" time="0.594">
    <system-out><![CDATA[21:21:35.935 [main] INFO org.springframework.test.context.support.AnnotationConfigContextLoaderUtils -- Could not detect default configuration classes for test class [com.tienda_k.TiendaApplicationTests]: TiendaApplicationTests does not declare any static, non-private, non-final, nested classes annotated with @Configuration.
21:21:36.108 [main] INFO org.springframework.boot.test.context.SpringBootTestContextBootstrapper -- Found @SpringBootConfiguration com.tienda_k.TiendaApplication for test class com.tienda_k.TiendaApplicationTests
21:21:36.405 [main] INFO org.springframework.boot.devtools.restart.RestartApplicationListener -- Restart disabled due to context in which it is running

  .   ____          _            __ _ _
 /\\ / ___'_ __ _ _(_)_ __  __ _ \ \ \ \
( ( )\___ | '_ | '_| | '_ \/ _` | \ \ \ \
 \\/  ___)| |_)| | | | | || (_| |  ) ) ) )
  '  |____| .__|_| |_|_| |_\__, | / / / /
 =========|_|==============|___/=/_/_/_/
 :: Spring Boot ::                (v3.1.5)

2023-11-13T21:21:36.779-06:00  INFO 17292 --- [           main] com.tienda_k.TiendaApplicationTests      : Starting TiendaApplicationTests using Java 21.0.1 with PID 17292 (started by alexa in C:\Users\alexa\OneDrive\Escritorio\Lenguage de BD\Proyecto\Biblioteca_Proyecto\Tienda_Biblioteca)
2023-11-13T21:21:36.782-06:00  INFO 17292 --- [           main] com.tienda_k.TiendaApplicationTests      : No active profile set, falling back to 1 default profile: "default"
2023-11-13T21:21:37.776-06:00  INFO 17292 --- [           main] .s.d.r.c.RepositoryConfigurationDelegate : Bootstrapping Spring Data JPA repositories in DEFAULT mode.
2023-11-13T21:21:37.908-06:00  INFO 17292 --- [           main] .s.d.r.c.RepositoryConfigurationDelegate : Finished Spring Data repository scanning in 116 ms. Found 5 JPA repository interfaces.
2023-11-13T21:21:38.758-06:00  INFO 17292 --- [           main] com.zaxxer.hikari.HikariDataSource       : HikariPool-1 - Starting...
2023-11-13T21:21:39.371-06:00  INFO 17292 --- [           main] com.zaxxer.hikari.pool.HikariPool        : HikariPool-1 - Added connection com.mysql.cj.jdbc.ConnectionImpl@764a3e5d
2023-11-13T21:21:39.374-06:00  INFO 17292 --- [           main] com.zaxxer.hikari.HikariDataSource       : HikariPool-1 - Start completed.
2023-11-13T21:21:39.439-06:00  INFO 17292 --- [           main] o.hibernate.jpa.internal.util.LogHelper  : HHH000204: Processing PersistenceUnitInfo [name: default]
2023-11-13T21:21:39.559-06:00  INFO 17292 --- [           main] org.hibernate.Version                    : HHH000412: Hibernate ORM core version 6.2.13.Final
2023-11-13T21:21:39.565-06:00  INFO 17292 --- [           main] org.hibernate.cfg.Environment            : HHH000406: Using bytecode reflection optimizer
2023-11-13T21:21:40.128-06:00  INFO 17292 --- [           main] o.s.o.j.p.SpringPersistenceUnitInfo      : No LoadTimeWeaver setup: ignoring JPA class transformer
2023-11-13T21:21:40.279-06:00  WARN 17292 --- [           main] org.hibernate.orm.deprecation            : HHH90000025: MySQLDialect does not need to be specified explicitly using 'hibernate.dialect' (remove the property setting and it will be selected by default)
2023-11-13T21:21:41.559-06:00  INFO 17292 --- [           main] o.h.e.t.j.p.i.JtaPlatformInitiator       : HHH000489: No JTA platform available (set 'hibernate.transaction.jta.platform' to enable JTA platform integration)
2023-11-13T21:21:41.563-06:00  INFO 17292 --- [           main] j.LocalContainerEntityManagerFactoryBean : Initialized JPA EntityManagerFactory for persistence unit 'default'
2023-11-13T21:21:42.470-06:00  WARN 17292 --- [           main] JpaBaseConfiguration$JpaWebConfiguration : spring.jpa.open-in-view is enabled by default. Therefore, database queries may be performed during view rendering. Explicitly configure spring.jpa.open-in-view to disable this warning
2023-11-13T21:21:42.631-06:00  INFO 17292 --- [           main] o.s.s.web.DefaultSecurityFilterChain     : Will secure any request with [org.springframework.security.web.session.DisableEncodeUrlFilter@5aa5b3af, org.springframework.security.web.context.request.async.WebAsyncManagerIntegrationFilter@344cf00f, org.springframework.security.web.context.SecurityContextHolderFilter@235dacd7, org.springframework.security.web.header.HeaderWriterFilter@3fed0c04, org.springframework.security.web.csrf.CsrfFilter@304704ae, org.springframework.security.web.authentication.logout.LogoutFilter@41e43885, org.springframework.security.web.authentication.UsernamePasswordAuthenticationFilter@3f3a529f, org.springframework.security.web.savedrequest.RequestCacheAwareFilter@7c816f46, org.springframework.security.web.servletapi.SecurityContextHolderAwareRequestFilter@724e0a77, org.springframework.security.web.authentication.AnonymousAuthenticationFilter@598ff2b3, org.springframework.security.web.access.ExceptionTranslationFilter@28796d0e, org.springframework.security.web.access.intercept.AuthorizationFilter@3e3a07ab]
2023-11-13T21:21:43.061-06:00  INFO 17292 --- [           main] o.s.b.a.w.s.WelcomePageHandlerMapping    : Adding welcome page template: index
2023-11-13T21:21:44.050-06:00  INFO 17292 --- [           main] com.tienda_k.TiendaApplicationTests      : Started TiendaApplicationTests in 7.67 seconds (process running for 9.17)
]]></system-out>
    <system-err><![CDATA[WARNING: A Java agent has been loaded dynamically (C:\Users\alexa\.m2\repository\net\bytebuddy\byte-buddy-agent\1.14.9\byte-buddy-agent-1.14.9.jar)
WARNING: If a serviceability tool is in use, please run with -XX:+EnableDynamicAgentLoading to hide this warning
WARNING: If a serviceability tool is not in use, please run with -Djdk.instrument.traceUsage for more information
WARNING: Dynamic loading of agents will be disallowed by default in a future release
]]></system-err>
  </testcase>
</testsuite>